<html>
<head>
<title>TestNG:  RegressionTest1</title>
<link href="../testng.css" rel="stylesheet" type="text/css" />
<link href="../my-testng.css" rel="stylesheet" type="text/css" />

<style type="text/css">
.log { display: none;} 
.stack-trace { display: none;} 
</style>
<script type="text/javascript">
<!--
function flip(e) {
  current = e.style.display;
  if (current == 'block') {
    e.style.display = 'none';
    return 0;
  }
  else {
    e.style.display = 'block';
    return 1;
  }
}

function toggleBox(szDivId, elem, msg1, msg2)
{
  var res = -1;  if (document.getElementById) {
    res = flip(document.getElementById(szDivId));
  }
  else if (document.all) {
    // this is the way old msie versions work
    res = flip(document.all[szDivId]);
  }
  if(elem) {
    if(res == 0) elem.innerHTML = msg1; else elem.innerHTML = msg2;
  }

}

function toggleAllBoxes() {
  if (document.getElementsByTagName) {
    d = document.getElementsByTagName('div');
    for (i = 0; i < d.length; i++) {
      if (d[i].className == 'log') {
        flip(d[i]);
      }
    }
  }
}

// -->
</script>

</head>
<body>
<h2 align='center'>RegressionTest1</h2><table border='1' align="center">
<tr>
<td>Tests passed/Failed/Skipped:</td><td>19/2/0</td>
</tr><tr>
<td>Started on:</td><td>Fri Sep 14 12:47:45 IST 2018</td>
</tr>
<tr><td>Total time:</td><td>284 seconds (284374 ms)</td>
</tr><tr>
<td>Included groups:</td><td></td>
</tr><tr>
<td>Excluded groups:</td><td></td>
</tr>
</table><p/>
<small><i>(Hover the method name to see the test class name)</i></small><p/>
<table width='100%' border='1' class='invocation-failed'>
<tr><td colspan='4' align='center'><b>FAILED TESTS</b></td></tr>
<tr><td><b>Test method</b></td>
<td width="30%"><b>Exception</b></td>
<td width="10%"><b>Time (seconds)</b></td>
<td><b>Instance</b></td>
</tr>
<tr>
<td title='TestSuite01.TestCase03b.Prescribe()'><b>Prescribe</b><br>Test class: TestSuite01.TestCase03b</td>
<td><div><pre>org.openqa.selenium.TimeoutException: Expected condition failed: waiting for element to be clickable: By.xpath: //*[@id=&quot;root&quot;]/div/div[2]/div/div/div[2]/div/div/div/div/div/div/div[1]/div[2]/div/div[1]/div[2]/div[1]/div/div/div/div/div[3]/div/div/div/div[1]/img (tried for 40 second(s) with 500 milliseconds interval)
	at org.openqa.selenium.support.ui.WebDriverWait.timeoutException(WebDriverWait.java:81)
	at org.openqa.selenium.support.ui.FluentWait.until(FluentWait.java:271)
	at TestSuite01.TestCase03b.Prescribe(TestCase03b.java:259)
Caused by: org.openqa.selenium.NoSuchElementException: Cannot locate an element using By.xpath: //*[@id=&quot;root&quot;]/div/div[2]/div/div/div[2]/div/div/div/div/div/div/div[1]/div[2]/div/div[1]/div[2]/div[1]/div/div/div/div/div[3]/div/div/div/div[1]/img
For documentation on this error, please visit: http://seleniumhq.org/exceptions/no_such_element.html
Build info: version: &apos;3.12.0&apos;, revision: &apos;7c6e0b3&apos;, time: &apos;2018-05-08T15:15:03.216Z&apos;
System info: host: &apos;DESKTOP-7PUP5K7&apos;, ip: &apos;192.168.43.157&apos;, os.name: &apos;Windows 10&apos;, os.arch: &apos;amd64&apos;, os.version: &apos;10.0&apos;, java.version: &apos;10.0.1&apos;
Driver info: driver.version: unknown
	at org.openqa.selenium.support.ui.ExpectedConditions.lambda$findElement$0(ExpectedConditions.java:896)
	at java.base/java.util.Optional.orElseThrow(Unknown Source)
	at org.openqa.selenium.support.ui.ExpectedConditions.findElement(ExpectedConditions.java:895)
	at org.openqa.selenium.support.ui.ExpectedConditions.access$000(ExpectedConditions.java:44)
	at org.openqa.selenium.support.ui.ExpectedConditions$7.apply(ExpectedConditions.java:206)
	at org.openqa.selenium.support.ui.ExpectedConditions$7.apply(ExpectedConditions.java:202)
	at org.openqa.selenium.support.ui.ExpectedConditions$22.apply(ExpectedConditions.java:657)
	at org.openqa.selenium.support.ui.ExpectedConditions$22.apply(ExpectedConditions.java:654)
	at org.openqa.selenium.support.ui.FluentWait.until(FluentWait.java:248)
	... 26 more
... Removed 25 stack frames</pre></div><a href='#' onClick='toggleBox("stack-trace585027490", this, "Click to show all stack frames", "Click to hide stack frames")'>Click to show all stack frames</a>
<div class='stack-trace' id='stack-trace585027490'><pre>org.openqa.selenium.TimeoutException: Expected condition failed: waiting for element to be clickable: By.xpath: //*[@id=&quot;root&quot;]/div/div[2]/div/div/div[2]/div/div/div/div/div/div/div[1]/div[2]/div/div[1]/div[2]/div[1]/div/div/div/div/div[3]/div/div/div/div[1]/img (tried for 40 second(s) with 500 milliseconds interval)
	at org.openqa.selenium.support.ui.WebDriverWait.timeoutException(WebDriverWait.java:81)
	at org.openqa.selenium.support.ui.FluentWait.until(FluentWait.java:271)
	at TestSuite01.TestCase03b.Prescribe(TestCase03b.java:259)
	at java.base/jdk.internal.reflect.NativeMethodAccessorImpl.invoke0(Native Method)
	at java.base/jdk.internal.reflect.NativeMethodAccessorImpl.invoke(Unknown Source)
	at java.base/jdk.internal.reflect.DelegatingMethodAccessorImpl.invoke(Unknown Source)
	at java.base/java.lang.reflect.Method.invoke(Unknown Source)
	at org.testng.internal.MethodInvocationHelper.invokeMethod(MethodInvocationHelper.java:124)
	at org.testng.internal.Invoker.invokeMethod(Invoker.java:580)
	at org.testng.internal.Invoker.invokeTestMethod(Invoker.java:716)
	at org.testng.internal.Invoker.invokeTestMethods(Invoker.java:988)
	at org.testng.internal.TestMethodWorker.invokeTestMethods(TestMethodWorker.java:125)
	at org.testng.internal.TestMethodWorker.run(TestMethodWorker.java:109)
	at org.testng.TestRunner.privateRun(TestRunner.java:648)
	at org.testng.TestRunner.run(TestRunner.java:505)
	at org.testng.SuiteRunner.runTest(SuiteRunner.java:455)
	at org.testng.SuiteRunner.runSequentially(SuiteRunner.java:450)
	at org.testng.SuiteRunner.privateRun(SuiteRunner.java:415)
	at org.testng.SuiteRunner.run(SuiteRunner.java:364)
	at org.testng.SuiteRunnerWorker.runSuite(SuiteRunnerWorker.java:52)
	at org.testng.SuiteRunnerWorker.run(SuiteRunnerWorker.java:84)
	at org.testng.TestNG.runSuitesSequentially(TestNG.java:1208)
	at org.testng.TestNG.runSuitesLocally(TestNG.java:1137)
	at org.testng.TestNG.runSuites(TestNG.java:1049)
	at org.testng.TestNG.run(TestNG.java:1017)
	at org.testng.remote.AbstractRemoteTestNG.run(AbstractRemoteTestNG.java:114)
	at org.testng.remote.RemoteTestNG.initAndRun(RemoteTestNG.java:251)
	at org.testng.remote.RemoteTestNG.main(RemoteTestNG.java:77)
Caused by: org.openqa.selenium.NoSuchElementException: Cannot locate an element using By.xpath: //*[@id=&quot;root&quot;]/div/div[2]/div/div/div[2]/div/div/div/div/div/div/div[1]/div[2]/div/div[1]/div[2]/div[1]/div/div/div/div/div[3]/div/div/div/div[1]/img
For documentation on this error, please visit: http://seleniumhq.org/exceptions/no_such_element.html
Build info: version: &apos;3.12.0&apos;, revision: &apos;7c6e0b3&apos;, time: &apos;2018-05-08T15:15:03.216Z&apos;
System info: host: &apos;DESKTOP-7PUP5K7&apos;, ip: &apos;192.168.43.157&apos;, os.name: &apos;Windows 10&apos;, os.arch: &apos;amd64&apos;, os.version: &apos;10.0&apos;, java.version: &apos;10.0.1&apos;
Driver info: driver.version: unknown
	at org.openqa.selenium.support.ui.ExpectedConditions.lambda$findElement$0(ExpectedConditions.java:896)
	at java.base/java.util.Optional.orElseThrow(Unknown Source)
	at org.openqa.selenium.support.ui.ExpectedConditions.findElement(ExpectedConditions.java:895)
	at org.openqa.selenium.support.ui.ExpectedConditions.access$000(ExpectedConditions.java:44)
	at org.openqa.selenium.support.ui.ExpectedConditions$7.apply(ExpectedConditions.java:206)
	at org.openqa.selenium.support.ui.ExpectedConditions$7.apply(ExpectedConditions.java:202)
	at org.openqa.selenium.support.ui.ExpectedConditions$22.apply(ExpectedConditions.java:657)
	at org.openqa.selenium.support.ui.ExpectedConditions$22.apply(ExpectedConditions.java:654)
	at org.openqa.selenium.support.ui.FluentWait.until(FluentWait.java:248)
	... 26 more
</pre></div></td>
<td>49</td>
<td>TestSuite01.TestCase03b@28f2a10f</td></tr>
<tr>
<td title='TestSuite01.TestCase04a.bSelectPatient()'><b>bSelectPatient</b><br>Test class: TestSuite01.TestCase04a<br>Test method: Login to the application and Search for a patient and select the patient</td>
<td><div><pre>org.openqa.selenium.NoSuchElementException: no such element: Unable to locate element: {&quot;method&quot;:&quot;xpath&quot;,&quot;selector&quot;:&quot;//*[@id=&quot;root&quot;]/div/div[2]/div/div/div[2]/div/div/div/div/div/div/div/div[2]/div/div/div/div[2]/div[1]/a&quot;}
  (Session info: chrome=69.0.3497.92)
  (Driver info: chromedriver=2.38.552522 (437e6fbedfa8762dec75e2c5b3ddb86763dc9dcb),platform=Windows NT 10.0.17134 x86_64) (WARNING: The server did not provide any stacktrace information)
Command duration or timeout: 0 milliseconds
For documentation on this error, please visit: http://seleniumhq.org/exceptions/no_such_element.html
Build info: version: &apos;3.12.0&apos;, revision: &apos;7c6e0b3&apos;, time: &apos;2018-05-08T15:15:03.216Z&apos;
System info: host: &apos;DESKTOP-7PUP5K7&apos;, ip: &apos;192.168.43.157&apos;, os.name: &apos;Windows 10&apos;, os.arch: &apos;amd64&apos;, os.version: &apos;10.0&apos;, java.version: &apos;10.0.1&apos;
Driver info: org.openqa.selenium.chrome.ChromeDriver
Capabilities {acceptInsecureCerts: false, acceptSslCerts: false, applicationCacheEnabled: false, browserConnectionEnabled: false, browserName: chrome, chrome: {chromedriverVersion: 2.38.552522 (437e6fbedfa876..., userDataDir: C:\Users\VEENAR~1\AppData\L...}, cssSelectorsEnabled: true, databaseEnabled: false, handlesAlerts: true, hasTouchScreen: false, javascriptEnabled: true, locationContextEnabled: true, mobileEmulationEnabled: false, nativeEvents: true, networkConnectionEnabled: false, pageLoadStrategy: normal, platform: XP, platformName: XP, rotatable: false, setWindowRect: true, takesHeapSnapshot: true, takesScreenshot: true, unexpectedAlertBehaviour: , unhandledPromptBehavior: , version: 69.0.3497.92, webStorageEnabled: true}
Session ID: 2e9b2fc4e06a449180b0496e62e96bd0
*** Element info: {Using=xpath, value=//*[@id=&quot;root&quot;]/div/div[2]/div/div/div[2]/div/div/div/div/div/div/div/div[2]/div/div/div/div[2]/div[1]/a}
	at org.openqa.selenium.remote.ErrorHandler.createThrowable(ErrorHandler.java:214)
	at org.openqa.selenium.remote.ErrorHandler.throwIfResponseFailed(ErrorHandler.java:166)
	at org.openqa.selenium.remote.http.JsonHttpResponseCodec.reconstructValue(JsonHttpResponseCodec.java:40)
	at org.openqa.selenium.remote.http.AbstractHttpResponseCodec.decode(AbstractHttpResponseCodec.java:80)
	at org.openqa.selenium.remote.http.AbstractHttpResponseCodec.decode(AbstractHttpResponseCodec.java:44)
	at org.openqa.selenium.remote.HttpCommandExecutor.execute(HttpCommandExecutor.java:158)
	at org.openqa.selenium.remote.service.DriverCommandExecutor.execute(DriverCommandExecutor.java:83)
	at org.openqa.selenium.remote.RemoteWebDriver.execute(RemoteWebDriver.java:543)
	at org.openqa.selenium.remote.RemoteWebDriver.findElement(RemoteWebDriver.java:317)
	at org.openqa.selenium.remote.RemoteWebDriver.findElementByXPath(RemoteWebDriver.java:419)
	at org.openqa.selenium.By$ByXPath.findElement(By.java:353)
	at org.openqa.selenium.remote.RemoteWebDriver.findElement(RemoteWebDriver.java:309)
	at TestSuite01.TestCase04a.bSelectPatient(TestCase04a.java:100)
... Removed 29 stack frames</pre></div><a href='#' onClick='toggleBox("stack-trace799515859", this, "Click to show all stack frames", "Click to hide stack frames")'>Click to show all stack frames</a>
<div class='stack-trace' id='stack-trace799515859'><pre>org.openqa.selenium.NoSuchElementException: no such element: Unable to locate element: {&quot;method&quot;:&quot;xpath&quot;,&quot;selector&quot;:&quot;//*[@id=&quot;root&quot;]/div/div[2]/div/div/div[2]/div/div/div/div/div/div/div/div[2]/div/div/div/div[2]/div[1]/a&quot;}
  (Session info: chrome=69.0.3497.92)
  (Driver info: chromedriver=2.38.552522 (437e6fbedfa8762dec75e2c5b3ddb86763dc9dcb),platform=Windows NT 10.0.17134 x86_64) (WARNING: The server did not provide any stacktrace information)
Command duration or timeout: 0 milliseconds
For documentation on this error, please visit: http://seleniumhq.org/exceptions/no_such_element.html
Build info: version: &apos;3.12.0&apos;, revision: &apos;7c6e0b3&apos;, time: &apos;2018-05-08T15:15:03.216Z&apos;
System info: host: &apos;DESKTOP-7PUP5K7&apos;, ip: &apos;192.168.43.157&apos;, os.name: &apos;Windows 10&apos;, os.arch: &apos;amd64&apos;, os.version: &apos;10.0&apos;, java.version: &apos;10.0.1&apos;
Driver info: org.openqa.selenium.chrome.ChromeDriver
Capabilities {acceptInsecureCerts: false, acceptSslCerts: false, applicationCacheEnabled: false, browserConnectionEnabled: false, browserName: chrome, chrome: {chromedriverVersion: 2.38.552522 (437e6fbedfa876..., userDataDir: C:\Users\VEENAR~1\AppData\L...}, cssSelectorsEnabled: true, databaseEnabled: false, handlesAlerts: true, hasTouchScreen: false, javascriptEnabled: true, locationContextEnabled: true, mobileEmulationEnabled: false, nativeEvents: true, networkConnectionEnabled: false, pageLoadStrategy: normal, platform: XP, platformName: XP, rotatable: false, setWindowRect: true, takesHeapSnapshot: true, takesScreenshot: true, unexpectedAlertBehaviour: , unhandledPromptBehavior: , version: 69.0.3497.92, webStorageEnabled: true}
Session ID: 2e9b2fc4e06a449180b0496e62e96bd0
*** Element info: {Using=xpath, value=//*[@id=&quot;root&quot;]/div/div[2]/div/div/div[2]/div/div/div/div/div/div/div/div[2]/div/div/div/div[2]/div[1]/a}
	at java.base/jdk.internal.reflect.NativeConstructorAccessorImpl.newInstance0(Native Method)
	at java.base/jdk.internal.reflect.NativeConstructorAccessorImpl.newInstance(Unknown Source)
	at java.base/jdk.internal.reflect.DelegatingConstructorAccessorImpl.newInstance(Unknown Source)
	at java.base/java.lang.reflect.Constructor.newInstance(Unknown Source)
	at org.openqa.selenium.remote.ErrorHandler.createThrowable(ErrorHandler.java:214)
	at org.openqa.selenium.remote.ErrorHandler.throwIfResponseFailed(ErrorHandler.java:166)
	at org.openqa.selenium.remote.http.JsonHttpResponseCodec.reconstructValue(JsonHttpResponseCodec.java:40)
	at org.openqa.selenium.remote.http.AbstractHttpResponseCodec.decode(AbstractHttpResponseCodec.java:80)
	at org.openqa.selenium.remote.http.AbstractHttpResponseCodec.decode(AbstractHttpResponseCodec.java:44)
	at org.openqa.selenium.remote.HttpCommandExecutor.execute(HttpCommandExecutor.java:158)
	at org.openqa.selenium.remote.service.DriverCommandExecutor.execute(DriverCommandExecutor.java:83)
	at org.openqa.selenium.remote.RemoteWebDriver.execute(RemoteWebDriver.java:543)
	at org.openqa.selenium.remote.RemoteWebDriver.findElement(RemoteWebDriver.java:317)
	at org.openqa.selenium.remote.RemoteWebDriver.findElementByXPath(RemoteWebDriver.java:419)
	at org.openqa.selenium.By$ByXPath.findElement(By.java:353)
	at org.openqa.selenium.remote.RemoteWebDriver.findElement(RemoteWebDriver.java:309)
	at TestSuite01.TestCase04a.bSelectPatient(TestCase04a.java:100)
	at java.base/jdk.internal.reflect.NativeMethodAccessorImpl.invoke0(Native Method)
	at java.base/jdk.internal.reflect.NativeMethodAccessorImpl.invoke(Unknown Source)
	at java.base/jdk.internal.reflect.DelegatingMethodAccessorImpl.invoke(Unknown Source)
	at java.base/java.lang.reflect.Method.invoke(Unknown Source)
	at org.testng.internal.MethodInvocationHelper.invokeMethod(MethodInvocationHelper.java:124)
	at org.testng.internal.Invoker.invokeMethod(Invoker.java:580)
	at org.testng.internal.Invoker.invokeTestMethod(Invoker.java:716)
	at org.testng.internal.Invoker.invokeTestMethods(Invoker.java:988)
	at org.testng.internal.TestMethodWorker.invokeTestMethods(TestMethodWorker.java:125)
	at org.testng.internal.TestMethodWorker.run(TestMethodWorker.java:109)
	at org.testng.TestRunner.privateRun(TestRunner.java:648)
	at org.testng.TestRunner.run(TestRunner.java:505)
	at org.testng.SuiteRunner.runTest(SuiteRunner.java:455)
	at org.testng.SuiteRunner.runSequentially(SuiteRunner.java:450)
	at org.testng.SuiteRunner.privateRun(SuiteRunner.java:415)
	at org.testng.SuiteRunner.run(SuiteRunner.java:364)
	at org.testng.SuiteRunnerWorker.runSuite(SuiteRunnerWorker.java:52)
	at org.testng.SuiteRunnerWorker.run(SuiteRunnerWorker.java:84)
	at org.testng.TestNG.runSuitesSequentially(TestNG.java:1208)
	at org.testng.TestNG.runSuitesLocally(TestNG.java:1137)
	at org.testng.TestNG.runSuites(TestNG.java:1049)
	at org.testng.TestNG.run(TestNG.java:1017)
	at org.testng.remote.AbstractRemoteTestNG.run(AbstractRemoteTestNG.java:114)
	at org.testng.remote.RemoteTestNG.initAndRun(RemoteTestNG.java:251)
	at org.testng.remote.RemoteTestNG.main(RemoteTestNG.java:77)
</pre></div></td>
<td>29</td>
<td>TestSuite01.TestCase04a@7fee8714</td></tr>
</table><p>
<table width='100%' border='1' class='invocation-passed'>
<tr><td colspan='4' align='center'><b>PASSED TESTS</b></td></tr>
<tr><td><b>Test method</b></td>
<td width="30%"><b>Exception</b></td>
<td width="10%"><b>Time (seconds)</b></td>
<td><b>Instance</b></td>
</tr>
<tr>
<td title='TestSuite01.TestCase01.aStartBrowser()'><b>aStartBrowser</b><br>Test class: TestSuite01.TestCase01<br/>
<a href="#Output-557725225" onClick='toggleBox("Output-557725225", this, "Show output", "Hide output");'>Show output</a>

<a href="#Output-557725225" onClick="toggleAllBoxes();">Show all outputs</a>
<div class='log' id="Output-557725225">
---------------------Browser has started----------------<br/>
</div>
</td>
<td></td>
<td>2</td>
<td>TestSuite01.TestCase01@5fbdfdcf</td></tr>
<tr>
<td title='TestSuite01.TestCase02.aStartBrowser()'><b>aStartBrowser</b><br>Test class: TestSuite01.TestCase02<br/>
<a href="#Output-1535454025" onClick='toggleBox("Output-1535454025", this, "Show output", "Hide output");'>Show output</a>

<a href="#Output-1535454025" onClick="toggleAllBoxes();">Show all outputs</a>
<div class='log' id="Output-1535454025">
---------------------Browser has started----------------<br/>
</div>
</td>
<td></td>
<td>2</td>
<td>TestSuite01.TestCase02@4d0f2471</td></tr>
<tr>
<td title='TestSuite01.TestCase03a.aStartBrowser()'><b>aStartBrowser</b><br>Test class: TestSuite01.TestCase03a<br/>
<a href="#Output-1171611746" onClick='toggleBox("Output-1171611746", this, "Show output", "Hide output");'>Show output</a>

<a href="#Output-1171611746" onClick="toggleAllBoxes();">Show all outputs</a>
<div class='log' id="Output-1171611746">
This Test case is to validate errror messages that pop up in Patient form when user fails to enter values as expected<br/>
------------------------------------------------------------------------------------------------<br/>
---------------------Browser has started----------------<br/>
</div>
</td>
<td></td>
<td>2</td>
<td>TestSuite01.TestCase03a@73e22a3d</td></tr>
<tr>
<td title='TestSuite01.TestCase03b.aStartBrowser()'><b>aStartBrowser</b><br>Test class: TestSuite01.TestCase03b<br/>
<a href="#Output-1411597673" onClick='toggleBox("Output-1411597673", this, "Show output", "Hide output");'>Show output</a>

<a href="#Output-1411597673" onClick="toggleAllBoxes();">Show all outputs</a>
<div class='log' id="Output-1411597673">
This test case is to verify process of adding a new patient and precribing Head and neck related therapies<br/>
-------------------------------------------------------------------------------------<br/>
---------------------Browser has started----------------<br/>
</div>
</td>
<td></td>
<td>2</td>
<td>TestSuite01.TestCase03b@28f2a10f</td></tr>
<tr>
<td title='TestSuite01.TestCase03c.aStartBrowser()'><b>aStartBrowser</b><br>Test class: TestSuite01.TestCase03c<br/>
<a href="#Output-545714998" onClick='toggleBox("Output-545714998", this, "Show output", "Hide output");'>Show output</a>

<a href="#Output-545714998" onClick="toggleAllBoxes();">Show all outputs</a>
<div class='log' id="Output-545714998">
This test case is to add a new patient, and clicking on save; then searching for the patient and continue to prescribe head and neck related therapy<br/>
-------------------------------------------------------------------------------------<br/>
---------------------Browser has started----------------<br/>
</div>
</td>
<td></td>
<td>2</td>
<td>TestSuite01.TestCase03c@6da21078</td></tr>
<tr>
<td title='TestSuite01.TestCase04a.aTestSummary()'><b>aTestSummary</b><br>Test class: TestSuite01.TestCase04a<br/>
<a href="#Output-320106510" onClick='toggleBox("Output-320106510", this, "Show output", "Hide output");'>Show output</a>

<a href="#Output-320106510" onClick="toggleAllBoxes();">Show all outputs</a>
<div class='log' id="Output-320106510">
This Test case is to search for a patient, click on the patient name and verify filter options available, and ensure all filters and end results work for the option Head and Neck<br/>
</div>
</td>
<td></td>
<td>0</td>
<td>TestSuite01.TestCase04a@7fee8714</td></tr>
<tr>
<td title='TestSuite01.TestCase01.bEmailInputField()'><b>bEmailInputField</b><br>Test class: TestSuite01.TestCase01<br>Test method: This test is to verify if Login page accepts username<br/>
<a href="#Output-741390111" onClick='toggleBox("Output-741390111", this, "Show output", "Hide output");'>Show output</a>

<a href="#Output-741390111" onClick="toggleAllBoxes();">Show all outputs</a>
<div class='log' id="Output-741390111">
-----------------Asserted--Email field in login page is enabled----------------------<br/>
</div>
</td>
<td></td>
<td>6</td>
<td>TestSuite01.TestCase01@5fbdfdcf</td></tr>
<tr>
<td title='TestSuite01.TestCase02.bLogin()'><b>bLogin</b><br>Test class: TestSuite01.TestCase02<br>Test method: This test is to verify if Login page accepts username<br/>
<a href="#Output-1400324426" onClick='toggleBox("Output-1400324426", this, "Show output", "Hide output");'>Show output</a>

<a href="#Output-1400324426" onClick="toggleAllBoxes();">Show all outputs</a>
<div class='log' id="Output-1400324426">
---------------------Login is successful--------------------<br/>
</div>
</td>
<td></td>
<td>9</td>
<td>TestSuite01.TestCase02@4d0f2471</td></tr>
<tr>
<td title='TestSuite01.TestCase03a.bLogin()'><b>bLogin</b><br>Test class: TestSuite01.TestCase03a</td>
<td></td>
<td>6</td>
<td>TestSuite01.TestCase03a@73e22a3d</td></tr>
<tr>
<td title='TestSuite01.TestCase03b.bLogin()'><b>bLogin</b><br>Test class: TestSuite01.TestCase03b</td>
<td></td>
<td>8</td>
<td>TestSuite01.TestCase03b@28f2a10f</td></tr>
<tr>
<td title='TestSuite01.TestCase03c.bLogin()'><b>bLogin</b><br>Test class: TestSuite01.TestCase03c<br>Test method: This test is to verify if Login page accepts username</td>
<td></td>
<td>14</td>
<td>TestSuite01.TestCase03c@6da21078</td></tr>
<tr>
<td title='TestSuite01.TestCase03a.cAddNewPatient()'><b>cAddNewPatient</b><br>Test class: TestSuite01.TestCase03a<br/>
<a href="#Output-1749250768" onClick='toggleBox("Output-1749250768", this, "Show output", "Hide output");'>Show output</a>

<a href="#Output-1749250768" onClick="toggleAllBoxes();">Show all outputs</a>
<div class='log' id="Output-1749250768">
-----------------------Asserted:--Add New Patient button is available in home page----------------<br/>
                                                                                  <br/>
                                                                                  <br/>
=====================================================================<br/>
----------------Test when First Name field is left blank-------------------<br/>
                                                                                  <br/>
-------------Error message displayed is---------------Highlighted fields are invalid<br/>
                                                                                  <br/>
-------------------Asserted:----Error message is displayed correctly for first name field when left blank------------------------<br/>
                                                                                  <br/>
                                                                                  <br/>
=====================================================================<br/>
----------------Test when Last Name field is left blank-------------------<br/>
                                                                                  <br/>
-------------Error message displayed is---Highlighted fields are invalid<br/>
                                                                                  <br/>
-----------Asserted:------Error message is displayed correctly for last name field when left blank------------------------<br/>
                                                                                  <br/>
                                                                                  <br/>
=====================================================================<br/>
----------------Test when Date field is left blank-------------------<br/>
                                                                                  <br/>
-------------Error message displayed is -----Highlighted fields are invalid<br/>
                                                                                  <br/>
-------------------Asserted:--Error message is displayed correctly for Date of Birth field when left blank------------------------<br/>
                                                                                  <br/>
                                                                                  <br/>
=====================================================================<br/>
----------------Test when Email field is left blank-------------------<br/>
                                                                                  <br/>
-------------Error message displayed is-------Highlighted fields are invalid<br/>
                                                                                  <br/>
---------------Asserted:---Error message is displayed correctly for Email field when left blank------------------------<br/>
                                                                                  <br/>
                                                                                  <br/>
=====================================================================<br/>
<br><img src='C:\Users\veenaramakrishnan\git\PTWired\PTWiredTest\Screenshots\TestCase03a\01PTWired.png' height='400' width='850'/><br><br/>
----------------Test when Email field is incorrectly populated-------------------<br/>
                                                                                  <br/>
-------------Error message displayed is---------Invalid Email<br/>
                                                                                  <br/>
------------------Asserted:--Error message is displayed correctly when email field is incorrectly populated------------------------<br/>
                                                                                  <br/>
                                                                                  <br/>
=====================================================================<br/>
----------------Test when Date field is incorrectly populated-------------------<br/>
                                                                                  <br/>
-------------Error message displayed is---------Invalid date<br/>
                                                                                  <br/>
--------------Asserted:--Error message is displayed correctly when date field is incorrectly populated------------------------<br/>
                                                                                  <br/>
                                                                                  <br/>
=====================================================================<br/>
<br><img src='C:\Users\veenaramakrishnan\git\PTWired\PTWiredTest\Screenshots\TestCase03a\02PTWired.png' height='400' width='850'/><br><br/>
</div>
</td>
<td></td>
<td>22</td>
<td>TestSuite01.TestCase03a@73e22a3d</td></tr>
<tr>
<td title='TestSuite01.TestCase02.cMyProfilePage()'><b>cMyProfilePage</b><br>Test class: TestSuite01.TestCase02<br>Test method: This test is to verify password reset in users profile page works<br/>
<a href="#Output-1913257909" onClick='toggleBox("Output-1913257909", this, "Show output", "Hide output");'>Show output</a>

<a href="#Output-1913257909" onClick="toggleAllBoxes();">Show all outputs</a>
<div class='log' id="Output-1913257909">
<br><img src='C:\Users\veenaramakrishnan\git\PTWired\PTWiredTest\Screenshots\TestCase02\03PTWired.png' height='400' width='850'/><br><br/>
<br><img src='C:\Users\veenaramakrishnan\git\PTWired\PTWiredTest\Screenshots\TestCase02\04PTWired.png' height='400' width='850'/><br><br/>
-------------------------Asserted:-Change Password link is available-----------------------------<br/>
</div>
</td>
<td></td>
<td>1</td>
<td>TestSuite01.TestCase02@4d0f2471</td></tr>
<tr>
<td title='TestSuite01.TestCase01.cPasswordInputField()'><b>cPasswordInputField</b><br>Test class: TestSuite01.TestCase01<br>Test method: This test is to verify if Login page accepts password<br/>
<a href="#Output-1420623741" onClick='toggleBox("Output-1420623741", this, "Show output", "Hide output");'>Show output</a>

<a href="#Output-1420623741" onClick="toggleAllBoxes();">Show all outputs</a>
<div class='log' id="Output-1420623741">
----------------Asserted--Password field in login page is enabled-----------------------<br/>
<br><img src='C:\Users\veenaramakrishnan\git\PTWired\PTWiredTest\Screenshots\TestCase01\01PTWired.png' height='400' width='850'/><br><br/>
</div>
</td>
<td></td>
<td>0</td>
<td>TestSuite01.TestCase01@5fbdfdcf</td></tr>
<tr>
<td title='TestSuite01.TestCase03b.cTestCase03b()'><b>cTestCase03b</b><br>Test class: TestSuite01.TestCase03b<br>Test method: This test is to add new patient<br/>
<a href="#Output-916585760" onClick='toggleBox("Output-916585760", this, "Show output", "Hide output");'>Show output</a>

<a href="#Output-916585760" onClick="toggleAllBoxes();">Show all outputs</a>
<div class='log' id="Output-916585760">
-----------------------Asserted:--Add New Patient button is available in home page----------------<br/>
-----------------------------Asserted:--Save button is enabled--------------------------<br/>
<br><img src='C:\Users\veenaramakrishnan\git\PTWired\PTWiredTest\Screenshots\TestCase03b\01PTWired.png' height='400' width='850'/><br><br/>
-----------------------------Asserted:--Save and Add Prescription button is enabled--------------------------<br/>
<br><img src='C:\Users\veenaramakrishnan\git\PTWired\PTWiredTest\Screenshots\TestCase03b\02PTWired.png' height='400' width='850'/><br><br/>
------Patient Display after patient is added is--------TestPatient15 TestPatient15
05-12-1965 (Age 53)TestPatient15@example.com<br/>
                                                                   <br/>
==============================================<br/>
</div>
</td>
<td></td>
<td>20</td>
<td>TestSuite01.TestCase03b@28f2a10f</td></tr>
<tr>
<td title='TestSuite01.TestCase03c.cTestCase03c()'><b>cTestCase03c</b><br>Test class: TestSuite01.TestCase03c<br>Test method: This test is to add new patient<br/>
<a href="#Output-2065412124" onClick='toggleBox("Output-2065412124", this, "Show output", "Hide output");'>Show output</a>

<a href="#Output-2065412124" onClick="toggleAllBoxes();">Show all outputs</a>
<div class='log' id="Output-2065412124">
-----------------------Asserted:--Add New Patient button is available in home page----------------<br/>
-----------------------------Asserted:--Save button is enabled--------------------------<br/>
<br><img src='C:\Users\veenaramakrishnan\git\PTWired\PTWiredTest\Screenshots\TestCase03c\01PTWired.png' height='400' width='850'/><br><br/>
<br><img src='C:\Users\veenaramakrishnan\git\PTWired\PTWiredTest\Screenshots\TestCase03c\02PTWired.png' height='400' width='850'/><br><br/>
Prescription 1 is selected<br/>
<br><img src='C:\Users\veenaramakrishnan\git\PTWired\PTWiredTest\Screenshots\TestCase03c\03PTWired.png' height='400' width='850'/><br><br/>
Prescription 2 is selected<br/>
<br><img src='C:\Users\veenaramakrishnan\git\PTWired\PTWiredTest\Screenshots\TestCase03c\04PTWired.png' height='400' width='850'/><br><br/>
Prescription 3 is selected<br/>
<br><img src='C:\Users\veenaramakrishnan\git\PTWired\PTWiredTest\Screenshots\TestCase03c\05PTWired.png' height='400' width='850'/><br><br/>
<br><img src='C:\Users\veenaramakrishnan\git\PTWired\PTWiredTest\Screenshots\TestCase03c\06PTWired.png' height='400' width='850'/><br><br/>
Prescription 4 is selected<br/>
<br><img src='C:\Users\veenaramakrishnan\git\PTWired\PTWiredTest\Screenshots\TestCase03c\08PTWired.png' height='400' width='850'/><br><br/>
</div>
</td>
<td></td>
<td>89</td>
<td>TestSuite01.TestCase03c@6da21078</td></tr>
<tr>
<td title='TestSuite01.TestCase02.dChangePassword()'><b>dChangePassword</b><br>Test class: TestSuite01.TestCase02<br>Test method: This test is to verify if user can set new password<br/>
<a href="#Output-1732146867" onClick='toggleBox("Output-1732146867", this, "Show output", "Hide output");'>Show output</a>

<a href="#Output-1732146867" onClick="toggleAllBoxes();">Show all outputs</a>
<div class='log' id="Output-1732146867">
<br><img src='C:\Users\veenaramakrishnan\git\PTWired\PTWiredTest\Screenshots\TestCase02\05PTWired.png' height='400' width='850'/><br><br/>
-------------------------Asserted:-Password change 'Submit' button is available-----------------------------<br/>
</div>
</td>
<td></td>
<td>2</td>
<td>TestSuite01.TestCase02@4d0f2471</td></tr>
<tr>
<td title='TestSuite01.TestCase01.dLoginButton()'><b>dLoginButton</b><br>Test class: TestSuite01.TestCase01<br>Test method: This test is to verify if Login button in Login page is enabled<br/>
<a href="#Output-1815592231" onClick='toggleBox("Output-1815592231", this, "Show output", "Hide output");'>Show output</a>

<a href="#Output-1815592231" onClick="toggleAllBoxes();">Show all outputs</a>
<div class='log' id="Output-1815592231">
----------------Asserted--Login button is enabled------------------<br/>
--------------------------------------Log in is successful--------------------------<br/>
<br><img src='C:\Users\veenaramakrishnan\git\PTWired\PTWiredTest\Screenshots\TestCase01\02PTWired.png' height='400' width='850'/><br><br/>
</div>
</td>
<td></td>
<td>3</td>
<td>TestSuite01.TestCase01@5fbdfdcf</td></tr>
<tr>
<td title='TestSuite01.TestCase01.eLogout()'><b>eLogout</b><br>Test class: TestSuite01.TestCase01<br>Test method: This test is to verify if user can successfully Logout<br/>
<a href="#Output-979117606" onClick='toggleBox("Output-979117606", this, "Show output", "Hide output");'>Show output</a>

<a href="#Output-979117606" onClick="toggleAllBoxes();">Show all outputs</a>
<div class='log' id="Output-979117606">
-------------Assert: User's name is available in homescreen to click--------------------------<br/>
<br><img src='C:\Users\veenaramakrishnan\git\PTWired\PTWiredTest\Screenshots\TestCase01\03PTWired.png' height='400' width='850'/><br><br/>
---------------------Asserted:--Log out is successful---------------------------------<br/>
<br><img src='C:\Users\veenaramakrishnan\git\PTWired\PTWiredTest\Screenshots\TestCase01\04PTWired.png' height='400' width='850'/><br><br/>
</div>
</td>
<td></td>
<td>6</td>
<td>TestSuite01.TestCase01@5fbdfdcf</td></tr>
</table><p>
</body>
</html>