<?xml version="1.0" encoding="UTF-8"?>
<!-- Generated by org.testng.reporters.JUnitXMLReporter -->
<testsuite ignored="0" hostname="DESKTOP-7PUP5K7" failures="2" tests="21" name="RegressionTest1" time="284.374" errors="0" timestamp="14 Sep 2018 07:22:29 GMT">
  <testcase classname="TestSuite01.TestCase01" name="aStartBrowser" time="2.728"/>
  <testcase classname="TestSuite01.TestCase01" name="bEmailInputField" time="6.793"/>
  <testcase classname="TestSuite01.TestCase01" name="cPasswordInputField" time="0.619"/>
  <testcase classname="TestSuite01.TestCase01" name="dLoginButton" time="3.937"/>
  <testcase classname="TestSuite01.TestCase01" name="eLogout" time="6.589"/>
  <testcase classname="TestSuite01.TestCase02" name="aStartBrowser" time="2.106"/>
  <testcase classname="TestSuite01.TestCase02" name="bLogin" time="9.968"/>
  <testcase classname="TestSuite01.TestCase02" name="cMyProfilePage" time="1.311"/>
  <testcase classname="TestSuite01.TestCase02" name="dChangePassword" time="2.517"/>
  <testcase classname="TestSuite01.TestCase03a" name="aStartBrowser" time="2.05"/>
  <testcase classname="TestSuite01.TestCase03a" name="bLogin" time="6.897"/>
  <testcase classname="TestSuite01.TestCase03a" name="cAddNewPatient" time="22.603"/>
  <testcase classname="TestSuite01.TestCase03b" name="aStartBrowser" time="2.061"/>
  <testcase classname="TestSuite01.TestCase03b" name="bLogin" time="8.637"/>
  <testcase classname="TestSuite01.TestCase03b" name="cTestCase03b" time="20.253"/>
  <testcase classname="TestSuite01.TestCase03b" name="Prescribe" time="49.351">
    <failure type="org.openqa.selenium.TimeoutException" message="Expected condition failed: waiting for element to be clickable: By.xpath: //*[@id=&amp;quot;root&amp;quot;]/div/div[2]/div/div/div[2]/div/div/div/div/div/div/div[1]/div[2]/div/div[1]/div[2]/div[1]/div/div/div/div/div[3]/div/div/div/div[1]/img (tried for 40 second(s) with 500 milliseconds interval)">
      <![CDATA[org.openqa.selenium.TimeoutException: Expected condition failed: waiting for element to be clickable: By.xpath: //*[@id="root"]/div/div[2]/div/div/div[2]/div/div/div/div/div/div/div[1]/div[2]/div/div[1]/div[2]/div[1]/div/div/div/div/div[3]/div/div/div/div[1]/img (tried for 40 second(s) with 500 milliseconds interval)
at org.openqa.selenium.support.ui.WebDriverWait.timeoutException(WebDriverWait.java:81)
at org.openqa.selenium.support.ui.FluentWait.until(FluentWait.java:271)
at TestSuite01.TestCase03b.Prescribe(TestCase03b.java:259)
Caused by: org.openqa.selenium.NoSuchElementException: Cannot locate an element using By.xpath: //*[@id="root"]/div/div[2]/div/div/div[2]/div/div/div/div/div/div/div[1]/div[2]/div/div[1]/div[2]/div[1]/div/div/div/div/div[3]/div/div/div/div[1]/img
For documentation on this error, please visit: http://seleniumhq.org/exceptions/no_such_element.html
Build info: version: '3.12.0', revision: '7c6e0b3', time: '2018-05-08T15:15:03.216Z'
System info: host: 'DESKTOP-7PUP5K7', ip: '192.168.43.157', os.name: 'Windows 10', os.arch: 'amd64', os.version: '10.0', java.version: '10.0.1'
Driver info: driver.version: unknown
at org.openqa.selenium.support.ui.ExpectedConditions.lambda$findElement$0(ExpectedConditions.java:896)
at java.base/java.util.Optional.orElseThrow(Unknown Source)
at org.openqa.selenium.support.ui.ExpectedConditions.findElement(ExpectedConditions.java:895)
at org.openqa.selenium.support.ui.ExpectedConditions.access$000(ExpectedConditions.java:44)
at org.openqa.selenium.support.ui.ExpectedConditions$7.apply(ExpectedConditions.java:206)
at org.openqa.selenium.support.ui.ExpectedConditions$7.apply(ExpectedConditions.java:202)
at org.openqa.selenium.support.ui.ExpectedConditions$22.apply(ExpectedConditions.java:657)
at org.openqa.selenium.support.ui.ExpectedConditions$22.apply(ExpectedConditions.java:654)
at org.openqa.selenium.support.ui.FluentWait.until(FluentWait.java:248)
... 26 more
... Removed 25 stack frames]]>
    </failure>
  </testcase> <!-- Prescribe -->
  <testcase classname="TestSuite01.TestCase03c" name="aStartBrowser" time="2.39"/>
  <testcase classname="TestSuite01.TestCase03c" name="bLogin" time="14.429"/>
  <testcase classname="TestSuite01.TestCase03c" name="cTestCase03c" time="89.47"/>
  <testcase classname="TestSuite01.TestCase04a" name="aTestSummary" time="0.0"/>
  <testcase classname="TestSuite01.TestCase04a" name="bSelectPatient" time="29.582">
    <failure type="org.openqa.selenium.NoSuchElementException" message="no such element: Unable to locate element: {&amp;quot;method&amp;quot;:&amp;quot;xpath&amp;quot;,&amp;quot;selector&amp;quot;:&amp;quot;//*[@id=&amp;quot;root&amp;quot;]/div/div[2]/div/div/div[2]/div/div/div/div/div/div/div/div[2]/div/div/div/div[2]/div[1]/a&amp;quot;}
  (Session info: chrome=69.0.3497.92)
  (Driver info: chromedriver=2.38.552522 (437e6fbedfa8762dec75e2c5b3ddb86763dc9dcb),platform=Windows NT 10.0.17134 x86_64) (WARNING: The server did not provide any stacktrace information)
Command duration or timeout: 0 milliseconds
For documentation on this error, please visit: http://seleniumhq.org/exceptions/no_such_element.html
Build info: version: &amp;apos;3.12.0&amp;apos;, revision: &amp;apos;7c6e0b3&amp;apos;, time: &amp;apos;2018-05-08T15:15:03.216Z&amp;apos;
System info: host: &amp;apos;DESKTOP-7PUP5K7&amp;apos;, ip: &amp;apos;192.168.43.157&amp;apos;, os.name: &amp;apos;Windows 10&amp;apos;, os.arch: &amp;apos;amd64&amp;apos;, os.version: &amp;apos;10.0&amp;apos;, java.version: &amp;apos;10.0.1&amp;apos;
Driver info: org.openqa.selenium.chrome.ChromeDriver
Capabilities {acceptInsecureCerts: false, acceptSslCerts: false, applicationCacheEnabled: false, browserConnectionEnabled: false, browserName: chrome, chrome: {chromedriverVersion: 2.38.552522 (437e6fbedfa876..., userDataDir: C:\Users\VEENAR~1\AppData\L...}, cssSelectorsEnabled: true, databaseEnabled: false, handlesAlerts: true, hasTouchScreen: false, javascriptEnabled: true, locationContextEnabled: true, mobileEmulationEnabled: false, nativeEvents: true, networkConnectionEnabled: false, pageLoadStrategy: normal, platform: XP, platformName: XP, rotatable: false, setWindowRect: true, takesHeapSnapshot: true, takesScreenshot: true, unexpectedAlertBehaviour: , unhandledPromptBehavior: , version: 69.0.3497.92, webStorageEnabled: true}
Session ID: 2e9b2fc4e06a449180b0496e62e96bd0
*** Element info: {Using=xpath, value=//*[@id=&amp;quot;root&amp;quot;]/div/div[2]/div/div/div[2]/div/div/div/div/div/div/div/div[2]/div/div/div/div[2]/div[1]/a}">
      <![CDATA[org.openqa.selenium.NoSuchElementException: no such element: Unable to locate element: {"method":"xpath","selector":"//*[@id="root"]/div/div[2]/div/div/div[2]/div/div/div/div/div/div/div/div[2]/div/div/div/div[2]/div[1]/a"}
  (Session info: chrome=69.0.3497.92)
  (Driver info: chromedriver=2.38.552522 (437e6fbedfa8762dec75e2c5b3ddb86763dc9dcb),platform=Windows NT 10.0.17134 x86_64) (WARNING: The server did not provide any stacktrace information)
Command duration or timeout: 0 milliseconds
For documentation on this error, please visit: http://seleniumhq.org/exceptions/no_such_element.html
Build info: version: '3.12.0', revision: '7c6e0b3', time: '2018-05-08T15:15:03.216Z'
System info: host: 'DESKTOP-7PUP5K7', ip: '192.168.43.157', os.name: 'Windows 10', os.arch: 'amd64', os.version: '10.0', java.version: '10.0.1'
Driver info: org.openqa.selenium.chrome.ChromeDriver
Capabilities {acceptInsecureCerts: false, acceptSslCerts: false, applicationCacheEnabled: false, browserConnectionEnabled: false, browserName: chrome, chrome: {chromedriverVersion: 2.38.552522 (437e6fbedfa876..., userDataDir: C:\Users\VEENAR~1\AppData\L...}, cssSelectorsEnabled: true, databaseEnabled: false, handlesAlerts: true, hasTouchScreen: false, javascriptEnabled: true, locationContextEnabled: true, mobileEmulationEnabled: false, nativeEvents: true, networkConnectionEnabled: false, pageLoadStrategy: normal, platform: XP, platformName: XP, rotatable: false, setWindowRect: true, takesHeapSnapshot: true, takesScreenshot: true, unexpectedAlertBehaviour: , unhandledPromptBehavior: , version: 69.0.3497.92, webStorageEnabled: true}
Session ID: 2e9b2fc4e06a449180b0496e62e96bd0
*** Element info: {Using=xpath, value=//*[@id="root"]/div/div[2]/div/div/div[2]/div/div/div/div/div/div/div/div[2]/div/div/div/div[2]/div[1]/a}
at org.openqa.selenium.remote.ErrorHandler.createThrowable(ErrorHandler.java:214)
at org.openqa.selenium.remote.ErrorHandler.throwIfResponseFailed(ErrorHandler.java:166)
at org.openqa.selenium.remote.http.JsonHttpResponseCodec.reconstructValue(JsonHttpResponseCodec.java:40)
at org.openqa.selenium.remote.http.AbstractHttpResponseCodec.decode(AbstractHttpResponseCodec.java:80)
at org.openqa.selenium.remote.http.AbstractHttpResponseCodec.decode(AbstractHttpResponseCodec.java:44)
at org.openqa.selenium.remote.HttpCommandExecutor.execute(HttpCommandExecutor.java:158)
at org.openqa.selenium.remote.service.DriverCommandExecutor.execute(DriverCommandExecutor.java:83)
at org.openqa.selenium.remote.RemoteWebDriver.execute(RemoteWebDriver.java:543)
at org.openqa.selenium.remote.RemoteWebDriver.findElement(RemoteWebDriver.java:317)
at org.openqa.selenium.remote.RemoteWebDriver.findElementByXPath(RemoteWebDriver.java:419)
at org.openqa.selenium.By$ByXPath.findElement(By.java:353)
at org.openqa.selenium.remote.RemoteWebDriver.findElement(RemoteWebDriver.java:309)
at TestSuite01.TestCase04a.bSelectPatient(TestCase04a.java:100)
... Removed 29 stack frames]]>
    </failure>
  </testcase> <!-- bSelectPatient -->
</testsuite> <!-- RegressionTest1 -->
